[debug] [2026-03-16T18:26:18.308Z] ----------------------------------------------------------------------
[debug] [2026-03-16T18:26:18.309Z] Command:       /usr/local/bin/node /usr/local/bin/firebase deploy
[debug] [2026-03-16T18:26:18.309Z] CLI Version:   15.8.0
[debug] [2026-03-16T18:26:18.309Z] Platform:      darwin
[debug] [2026-03-16T18:26:18.309Z] Node Version:  v24.13.0
[debug] [2026-03-16T18:26:18.309Z] Time:          Mon Mar 16 2026 19:26:18 GMT+0100 (Central European Standard Time)
[debug] [2026-03-16T18:26:18.309Z] ----------------------------------------------------------------------
[debug] 
[debug] [2026-03-16T18:26:18.839Z] Object "/functions" in "firebase.json" is missing required property: {"missingProperty":"source"}
[debug] [2026-03-16T18:26:18.839Z] Object "/functions" in "firebase.json" is missing required property: {"missingProperty":"remoteSource"}
[debug] [2026-03-16T18:26:18.839Z] Field "/functions" in "firebase.json" is possibly invalid: must be array
[debug] [2026-03-16T18:26:18.839Z] Field "/functions" in "firebase.json" is possibly invalid: must match a schema in anyOf
[debug] [2026-03-16T18:26:18.840Z] > command requires scopes: ["email","openid","https://www.googleapis.com/auth/cloudplatformprojects.readonly","https://www.googleapis.com/auth/firebase","https://www.googleapis.com/auth/cloud-platform"]
[debug] [2026-03-16T18:26:18.840Z] > authorizing via signed-in user (carlosblancocolmenar@gmail.com)
[debug] [2026-03-16T18:26:18.840Z] [iam] checking project agatha-christie-a4077 for permissions ["cloudfunctions.functions.create","cloudfunctions.functions.delete","cloudfunctions.functions.get","cloudfunctions.functions.list","cloudfunctions.functions.update","cloudfunctions.operations.get","datastore.indexes.create","datastore.indexes.delete","datastore.indexes.list","datastore.indexes.update","firebase.projects.get","firebasedatabase.instances.update","firebasehosting.sites.update","firebaserules.releases.create","firebaserules.releases.update","firebaserules.rulesets.create"]
[debug] [2026-03-16T18:26:18.841Z] Checked if tokens are valid: true, expires at: 1773688034310
[debug] [2026-03-16T18:26:18.841Z] Checked if tokens are valid: true, expires at: 1773688034310
[debug] [2026-03-16T18:26:18.841Z] >>> [apiv2][query] POST https://cloudresourcemanager.googleapis.com/v1/projects/agatha-christie-a4077:testIamPermissions [none]
[debug] [2026-03-16T18:26:18.841Z] >>> [apiv2][(partial)header] POST https://cloudresourcemanager.googleapis.com/v1/projects/agatha-christie-a4077:testIamPermissions  x-goog-user-project=agatha-christie-a4077
[debug] [2026-03-16T18:26:18.841Z] >>> [apiv2][body] POST https://cloudresourcemanager.googleapis.com/v1/projects/agatha-christie-a4077:testIamPermissions {"permissions":["cloudfunctions.functions.create","cloudfunctions.functions.delete","cloudfunctions.functions.get","cloudfunctions.functions.list","cloudfunctions.functions.update","cloudfunctions.operations.get","datastore.indexes.create","datastore.indexes.delete","datastore.indexes.list","datastore.indexes.update","firebase.projects.get","firebasedatabase.instances.update","firebasehosting.sites.update","firebaserules.releases.create","firebaserules.releases.update","firebaserules.rulesets.create"]}
[debug] [2026-03-16T18:26:19.589Z] <<< [apiv2][status] POST https://cloudresourcemanager.googleapis.com/v1/projects/agatha-christie-a4077:testIamPermissions 200
[debug] [2026-03-16T18:26:19.589Z] <<< [apiv2][body] POST https://cloudresourcemanager.googleapis.com/v1/projects/agatha-christie-a4077:testIamPermissions {"permissions":["cloudfunctions.functions.create","cloudfunctions.functions.delete","cloudfunctions.functions.get","cloudfunctions.functions.list","cloudfunctions.functions.update","cloudfunctions.operations.get","datastore.indexes.create","datastore.indexes.delete","datastore.indexes.list","datastore.indexes.update","firebase.projects.get","firebasedatabase.instances.update","firebasehosting.sites.update","firebaserules.releases.create","firebaserules.releases.update","firebaserules.rulesets.create"]}
[debug] [2026-03-16T18:26:19.589Z] Checked if tokens are valid: true, expires at: 1773688034310
[debug] [2026-03-16T18:26:19.589Z] Checked if tokens are valid: true, expires at: 1773688034310
[debug] [2026-03-16T18:26:19.590Z] >>> [apiv2][query] POST https://iam.googleapis.com/v1/projects/agatha-christie-a4077/serviceAccounts/agatha-christie-a4077@appspot.gserviceaccount.com:testIamPermissions [none]
[debug] [2026-03-16T18:26:19.590Z] >>> [apiv2][body] POST https://iam.googleapis.com/v1/projects/agatha-christie-a4077/serviceAccounts/agatha-christie-a4077@appspot.gserviceaccount.com:testIamPermissions {"permissions":["iam.serviceAccounts.actAs"]}
